{"C:\\Users\\Madhura\\workspace_git\\prep\\app-ui-vending-machine\\src\\VendingMachine.js": {"path":"C:\\Users\\Madhura\\workspace_git\\prep\\app-ui-vending-machine\\src\\VendingMachine.js","statementMap":{"0":{"start":{"line":4,"column":30},"end":{"line":10,"column":1}},"1":{"start":{"line":6,"column":33},"end":{"line":6,"column":44}},"2":{"start":{"line":7,"column":1},"end":{"line":9,"column":2}},"3":{"start":{"line":8,"column":67},"end":{"line":8,"column":92}}},"fnMap":{"0":{"name":"(anonymous_0)","decl":{"start":{"line":4,"column":30},"end":{"line":4,"column":31}},"loc":{"start":{"line":4,"column":36},"end":{"line":10,"column":1}},"line":4},"1":{"name":"(anonymous_1)","decl":{"start":{"line":8,"column":61},"end":{"line":8,"column":62}},"loc":{"start":{"line":8,"column":67},"end":{"line":8,"column":92}},"line":8}},"branchMap":{},"s":{"0":1,"1":2,"2":1,"3":0},"f":{"0":2,"1":0},"b":{},"_coverageSchema":"1a1c01bbd47fc00a2c39e90264f33305004495a9","hash":"4cdf558b073cbfed3a50785291435b3622ac8f6f"}
,"C:\\Users\\Madhura\\workspace_git\\prep\\app-ui-vending-machine\\src\\index.js": {"path":"C:\\Users\\Madhura\\workspace_git\\prep\\app-ui-vending-machine\\src\\index.js","statementMap":{"0":{"start":{"line":7,"column":0},"end":{"line":12,"column":2}},"1":{"start":{"line":17,"column":0},"end":{"line":17,"column":18}}},"fnMap":{},"branchMap":{},"s":{"0":0,"1":0},"f":{},"b":{}}
,"C:\\Users\\Madhura\\workspace_git\\prep\\app-ui-vending-machine\\src\\reportWebVitals.js": {"path":"C:\\Users\\Madhura\\workspace_git\\prep\\app-ui-vending-machine\\src\\reportWebVitals.js","statementMap":{"0":{"start":{"line":1,"column":24},"end":{"line":11,"column":1}},"1":{"start":{"line":2,"column":2},"end":{"line":10,"column":3}},"2":{"start":{"line":3,"column":4},"end":{"line":9,"column":7}},"3":{"start":{"line":4,"column":6},"end":{"line":4,"column":26}},"4":{"start":{"line":5,"column":6},"end":{"line":5,"column":26}},"5":{"start":{"line":6,"column":6},"end":{"line":6,"column":26}},"6":{"start":{"line":7,"column":6},"end":{"line":7,"column":26}},"7":{"start":{"line":8,"column":6},"end":{"line":8,"column":27}}},"fnMap":{"0":{"name":"(anonymous_0)","decl":{"start":{"line":1,"column":24},"end":{"line":1,"column":25}},"loc":{"start":{"line":1,"column":39},"end":{"line":11,"column":1}},"line":1},"1":{"name":"(anonymous_1)","decl":{"start":{"line":3,"column":30},"end":{"line":3,"column":31}},"loc":{"start":{"line":3,"column":79},"end":{"line":9,"column":5}},"line":3}},"branchMap":{"0":{"loc":{"start":{"line":2,"column":2},"end":{"line":10,"column":3}},"type":"if","locations":[{"start":{"line":2,"column":2},"end":{"line":10,"column":3}},{"start":{"line":2,"column":2},"end":{"line":10,"column":3}}],"line":2},"1":{"loc":{"start":{"line":2,"column":6},"end":{"line":2,"column":52}},"type":"binary-expr","locations":[{"start":{"line":2,"column":6},"end":{"line":2,"column":17}},{"start":{"line":2,"column":21},"end":{"line":2,"column":52}}],"line":2}},"s":{"0":0,"1":0,"2":0,"3":0,"4":0,"5":0,"6":0,"7":0},"f":{"0":0,"1":0},"b":{"0":[0,0],"1":[0,0]}}
,"C:\\Users\\Madhura\\workspace_git\\prep\\app-ui-vending-machine\\src\\behaviour\\useCurrencyActions.js": {"path":"C:\\Users\\Madhura\\workspace_git\\prep\\app-ui-vending-machine\\src\\behaviour\\useCurrencyActions.js","statementMap":{"0":{"start":{"line":3,"column":34},"end":{"line":24,"column":1}},"1":{"start":{"line":5,"column":26},"end":{"line":21,"column":5}},"2":{"start":{"line":9,"column":8},"end":{"line":17,"column":9}},"3":{"start":{"line":10,"column":12},"end":{"line":14,"column":13}},"4":{"start":{"line":11,"column":16},"end":{"line":11,"column":80}},"5":{"start":{"line":13,"column":16},"end":{"line":13,"column":64}},"6":{"start":{"line":16,"column":12},"end":{"line":16,"column":24}},"7":{"start":{"line":20,"column":8},"end":{"line":20,"column":38}},"8":{"start":{"line":23,"column":4},"end":{"line":23,"column":29}}},"fnMap":{"0":{"name":"(anonymous_0)","decl":{"start":{"line":3,"column":34},"end":{"line":3,"column":35}},"loc":{"start":{"line":3,"column":49},"end":{"line":24,"column":1}},"line":3},"1":{"name":"(anonymous_1)","decl":{"start":{"line":5,"column":26},"end":{"line":5,"column":27}},"loc":{"start":{"line":5,"column":43},"end":{"line":21,"column":5}},"line":5}},"branchMap":{"0":{"loc":{"start":{"line":10,"column":12},"end":{"line":14,"column":13}},"type":"if","locations":[{"start":{"line":10,"column":12},"end":{"line":14,"column":13}},{"start":{"line":10,"column":12},"end":{"line":14,"column":13}}],"line":10}},"s":{"0":4,"1":107,"2":8,"3":8,"4":2,"5":6,"6":0,"7":8,"8":107},"f":{"0":107,"1":8},"b":{"0":[2,6]},"_coverageSchema":"1a1c01bbd47fc00a2c39e90264f33305004495a9","hash":"224e185555d37e88606c301fb782506870fc3183"}
,"C:\\Users\\Madhura\\workspace_git\\prep\\app-ui-vending-machine\\src\\behaviour\\useVendingMachineActions.js": {"path":"C:\\Users\\Madhura\\workspace_git\\prep\\app-ui-vending-machine\\src\\behaviour\\useVendingMachineActions.js","statementMap":{"0":{"start":{"line":4,"column":40},"end":{"line":62,"column":1}},"1":{"start":{"line":6,"column":35},"end":{"line":6,"column":45}},"2":{"start":{"line":7,"column":37},"end":{"line":7,"column":75}},"3":{"start":{"line":8,"column":33},"end":{"line":8,"column":48}},"4":{"start":{"line":9,"column":45},"end":{"line":9,"column":56}},"5":{"start":{"line":10,"column":47},"end":{"line":10,"column":59}},"6":{"start":{"line":12,"column":27},"end":{"line":15,"column":5}},"7":{"start":{"line":13,"column":32},"end":{"line":13,"column":61}},"8":{"start":{"line":14,"column":2},"end":{"line":14,"column":53}},"9":{"start":{"line":17,"column":37},"end":{"line":58,"column":2}},"10":{"start":{"line":19,"column":2},"end":{"line":56,"column":3}},"11":{"start":{"line":23,"column":3},"end":{"line":23,"column":50}},"12":{"start":{"line":24,"column":3},"end":{"line":24,"column":100}},"13":{"start":{"line":25,"column":3},"end":{"line":25,"column":9}},"14":{"start":{"line":28,"column":3},"end":{"line":28,"column":96}},"15":{"start":{"line":29,"column":3},"end":{"line":29,"column":64}},"16":{"start":{"line":30,"column":3},"end":{"line":30,"column":21}},"17":{"start":{"line":31,"column":19},"end":{"line":34,"column":20}},"18":{"start":{"line":32,"column":4},"end":{"line":32,"column":49}},"19":{"start":{"line":33,"column":11},"end":{"line":33,"column":33}},"20":{"start":{"line":35,"column":3},"end":{"line":35,"column":9}},"21":{"start":{"line":38,"column":3},"end":{"line":38,"column":156}},"22":{"start":{"line":39,"column":3},"end":{"line":39,"column":21}},"23":{"start":{"line":40,"column":3},"end":{"line":40,"column":64}},"24":{"start":{"line":41,"column":3},"end":{"line":41,"column":74}},"25":{"start":{"line":42,"column":3},"end":{"line":42,"column":73}},"26":{"start":{"line":42,"column":20},"end":{"line":42,"column":64}},"27":{"start":{"line":43,"column":3},"end":{"line":43,"column":9}},"28":{"start":{"line":46,"column":3},"end":{"line":46,"column":127}},"29":{"start":{"line":47,"column":3},"end":{"line":47,"column":21}},"30":{"start":{"line":48,"column":3},"end":{"line":48,"column":72}},"31":{"start":{"line":49,"column":3},"end":{"line":49,"column":73}},"32":{"start":{"line":49,"column":20},"end":{"line":49,"column":64}},"33":{"start":{"line":50,"column":3},"end":{"line":50,"column":9}},"34":{"start":{"line":53,"column":3},"end":{"line":53,"column":128}},"35":{"start":{"line":54,"column":3},"end":{"line":54,"column":21}},"36":{"start":{"line":55,"column":3},"end":{"line":55,"column":73}},"37":{"start":{"line":55,"column":20},"end":{"line":55,"column":64}},"38":{"start":{"line":60,"column":1},"end":{"line":60,"column":141}}},"fnMap":{"0":{"name":"(anonymous_0)","decl":{"start":{"line":4,"column":40},"end":{"line":4,"column":41}},"loc":{"start":{"line":4,"column":65},"end":{"line":62,"column":1}},"line":4},"1":{"name":"(anonymous_1)","decl":{"start":{"line":12,"column":27},"end":{"line":12,"column":28}},"loc":{"start":{"line":12,"column":48},"end":{"line":15,"column":5}},"line":12},"2":{"name":"(anonymous_2)","decl":{"start":{"line":17,"column":37},"end":{"line":17,"column":38}},"loc":{"start":{"line":17,"column":65},"end":{"line":58,"column":2}},"line":17},"3":{"name":"(anonymous_3)","decl":{"start":{"line":31,"column":30},"end":{"line":31,"column":31}},"loc":{"start":{"line":31,"column":36},"end":{"line":34,"column":12}},"line":31},"4":{"name":"(anonymous_4)","decl":{"start":{"line":42,"column":14},"end":{"line":42,"column":15}},"loc":{"start":{"line":42,"column":20},"end":{"line":42,"column":64}},"line":42},"5":{"name":"(anonymous_5)","decl":{"start":{"line":49,"column":14},"end":{"line":49,"column":15}},"loc":{"start":{"line":49,"column":20},"end":{"line":49,"column":64}},"line":49},"6":{"name":"(anonymous_6)","decl":{"start":{"line":55,"column":14},"end":{"line":55,"column":15}},"loc":{"start":{"line":55,"column":20},"end":{"line":55,"column":64}},"line":55}},"branchMap":{"0":{"loc":{"start":{"line":19,"column":2},"end":{"line":56,"column":3}},"type":"switch","locations":[{"start":{"line":21,"column":3},"end":{"line":21,"column":22}},{"start":{"line":22,"column":3},"end":{"line":25,"column":9}},{"start":{"line":27,"column":3},"end":{"line":35,"column":9}},{"start":{"line":37,"column":2},"end":{"line":43,"column":9}},{"start":{"line":45,"column":2},"end":{"line":50,"column":9}},{"start":{"line":52,"column":2},"end":{"line":55,"column":73}}],"line":19},"1":{"loc":{"start":{"line":32,"column":4},"end":{"line":32,"column":48}},"type":"binary-expr","locations":[{"start":{"line":32,"column":4},"end":{"line":32,"column":23}},{"start":{"line":32,"column":27},"end":{"line":32,"column":48}}],"line":32},"2":{"loc":{"start":{"line":42,"column":20},"end":{"line":42,"column":64}},"type":"binary-expr","locations":[{"start":{"line":42,"column":20},"end":{"line":42,"column":39}},{"start":{"line":42,"column":43},"end":{"line":42,"column":64}}],"line":42},"3":{"loc":{"start":{"line":49,"column":20},"end":{"line":49,"column":64}},"type":"binary-expr","locations":[{"start":{"line":49,"column":20},"end":{"line":49,"column":39}},{"start":{"line":49,"column":43},"end":{"line":49,"column":64}}],"line":49},"4":{"loc":{"start":{"line":55,"column":20},"end":{"line":55,"column":64}},"type":"binary-expr","locations":[{"start":{"line":55,"column":20},"end":{"line":55,"column":39}},{"start":{"line":55,"column":43},"end":{"line":55,"column":64}}],"line":55}},"s":{"0":3,"1":44,"2":44,"3":44,"4":44,"5":44,"6":44,"7":2,"8":2,"9":44,"10":16,"11":7,"12":7,"13":7,"14":3,"15":3,"16":3,"17":3,"18":3,"19":3,"20":3,"21":2,"22":2,"23":2,"24":2,"25":2,"26":2,"27":2,"28":2,"29":2,"30":2,"31":2,"32":2,"33":2,"34":2,"35":2,"36":2,"37":2,"38":44},"f":{"0":44,"1":2,"2":16,"3":3,"4":2,"5":2,"6":2},"b":{"0":[5,7,3,2,2,2],"1":[3,2],"2":[2,2],"3":[2,2],"4":[2,2]},"_coverageSchema":"1a1c01bbd47fc00a2c39e90264f33305004495a9","hash":"c0066bbdb401c62c11c4855e6abc6c5eaa987a9a"}
,"C:\\Users\\Madhura\\workspace_git\\prep\\app-ui-vending-machine\\src\\components\\currency\\Currency.js": {"path":"C:\\Users\\Madhura\\workspace_git\\prep\\app-ui-vending-machine\\src\\components\\currency\\Currency.js","statementMap":{"0":{"start":{"line":4,"column":24},"end":{"line":33,"column":1}},"1":{"start":{"line":6,"column":27},"end":{"line":6,"column":62}},"2":{"start":{"line":8,"column":30},"end":{"line":21,"column":2}},"3":{"start":{"line":10,"column":2},"end":{"line":19,"column":3}},"4":{"start":{"line":11,"column":34},"end":{"line":11,"column":66}},"5":{"start":{"line":13,"column":3},"end":{"line":15,"column":4}},"6":{"start":{"line":14,"column":4},"end":{"line":14,"column":71}},"7":{"start":{"line":17,"column":3},"end":{"line":17,"column":20}},"8":{"start":{"line":18,"column":3},"end":{"line":18,"column":11}},"9":{"start":{"line":23,"column":4},"end":{"line":32,"column":6}}},"fnMap":{"0":{"name":"(anonymous_0)","decl":{"start":{"line":4,"column":24},"end":{"line":4,"column":25}},"loc":{"start":{"line":4,"column":35},"end":{"line":33,"column":1}},"line":4},"1":{"name":"(anonymous_1)","decl":{"start":{"line":8,"column":30},"end":{"line":8,"column":31}},"loc":{"start":{"line":8,"column":42},"end":{"line":21,"column":2}},"line":8}},"branchMap":{"0":{"loc":{"start":{"line":13,"column":3},"end":{"line":15,"column":4}},"type":"if","locations":[{"start":{"line":13,"column":3},"end":{"line":15,"column":4}},{"start":{"line":13,"column":3},"end":{"line":15,"column":4}}],"line":13},"1":{"loc":{"start":{"line":14,"column":4},"end":{"line":14,"column":70}},"type":"binary-expr","locations":[{"start":{"line":14,"column":4},"end":{"line":14,"column":23}},{"start":{"line":14,"column":27},"end":{"line":14,"column":70}}],"line":14}},"s":{"0":3,"1":107,"2":105,"3":6,"4":6,"5":6,"6":6,"7":0,"8":0,"9":105},"f":{"0":107,"1":6},"b":{"0":[6,0],"1":[6,6]},"_coverageSchema":"1a1c01bbd47fc00a2c39e90264f33305004495a9","hash":"3026146042eb6616e349fbbbe8007b149956780b"}
,"C:\\Users\\Madhura\\workspace_git\\prep\\app-ui-vending-machine\\src\\components\\machine-setup\\VendingMachineSetup.js": {"path":"C:\\Users\\Madhura\\workspace_git\\prep\\app-ui-vending-machine\\src\\components\\machine-setup\\VendingMachineSetup.js","statementMap":{"0":{"start":{"line":6,"column":27},"end":{"line":64,"column":1}},"1":{"start":{"line":14,"column":24},"end":{"line":14,"column":75}},"2":{"start":{"line":16,"column":24},"end":{"line":16,"column":39}},"3":{"start":{"line":18,"column":2},"end":{"line":63,"column":4}},"4":{"start":{"line":33,"column":6},"end":{"line":37,"column":31}},"5":{"start":{"line":42,"column":20},"end":{"line":42,"column":48}}},"fnMap":{"0":{"name":"(anonymous_0)","decl":{"start":{"line":6,"column":27},"end":{"line":6,"column":28}},"loc":{"start":{"line":6,"column":36},"end":{"line":64,"column":1}},"line":6},"1":{"name":"(anonymous_1)","decl":{"start":{"line":32,"column":25},"end":{"line":32,"column":26}},"loc":{"start":{"line":33,"column":6},"end":{"line":37,"column":31}},"line":33},"2":{"name":"(anonymous_2)","decl":{"start":{"line":42,"column":14},"end":{"line":42,"column":15}},"loc":{"start":{"line":42,"column":20},"end":{"line":42,"column":48}},"line":42}},"branchMap":{"0":{"loc":{"start":{"line":55,"column":83},"end":{"line":55,"column":154}},"type":"cond-expr","locations":[{"start":{"line":55,"column":140},"end":{"line":55,"column":149}},{"start":{"line":55,"column":152},"end":{"line":55,"column":154}}],"line":55},"1":{"loc":{"start":{"line":55,"column":84},"end":{"line":55,"column":136}},"type":"binary-expr","locations":[{"start":{"line":55,"column":84},"end":{"line":55,"column":99}},{"start":{"line":55,"column":103},"end":{"line":55,"column":136}}],"line":55},"2":{"loc":{"start":{"line":59,"column":83},"end":{"line":59,"column":116}},"type":"cond-expr","locations":[{"start":{"line":59,"column":102},"end":{"line":59,"column":111}},{"start":{"line":59,"column":114},"end":{"line":59,"column":116}}],"line":59}},"s":{"0":2,"1":28,"2":26,"3":26,"4":104,"5":1},"f":{"0":28,"1":104,"2":1},"b":{"0":[1,25],"1":[26,1],"2":[5,21]},"_coverageSchema":"1a1c01bbd47fc00a2c39e90264f33305004495a9","hash":"330587d19b79ea4e1c08ba5f1a4226f3fb38454c"}
,"C:\\Users\\Madhura\\workspace_git\\prep\\app-ui-vending-machine\\src\\components\\product\\ProductDescription.js": {"path":"C:\\Users\\Madhura\\workspace_git\\prep\\app-ui-vending-machine\\src\\components\\product\\ProductDescription.js","statementMap":{"0":{"start":{"line":5,"column":34},"end":{"line":43,"column":1}},"1":{"start":{"line":7,"column":33},"end":{"line":7,"column":45}},"2":{"start":{"line":8,"column":1},"end":{"line":10,"column":8}},"3":{"start":{"line":9,"column":2},"end":{"line":9,"column":52}},"4":{"start":{"line":9,"column":35},"end":{"line":9,"column":51}},"5":{"start":{"line":12,"column":22},"end":{"line":15,"column":2}},"6":{"start":{"line":13,"column":33},"end":{"line":13,"column":79}},"7":{"start":{"line":14,"column":2},"end":{"line":14,"column":77}},"8":{"start":{"line":17,"column":1},"end":{"line":38,"column":2}},"9":{"start":{"line":23,"column":4},"end":{"line":34,"column":10}},"10":{"start":{"line":28,"column":22},"end":{"line":28,"column":50}}},"fnMap":{"0":{"name":"(anonymous_0)","decl":{"start":{"line":5,"column":34},"end":{"line":5,"column":35}},"loc":{"start":{"line":5,"column":45},"end":{"line":43,"column":1}},"line":5},"1":{"name":"(anonymous_1)","decl":{"start":{"line":8,"column":11},"end":{"line":8,"column":12}},"loc":{"start":{"line":8,"column":17},"end":{"line":10,"column":2}},"line":8},"2":{"name":"(anonymous_2)","decl":{"start":{"line":9,"column":26},"end":{"line":9,"column":27}},"loc":{"start":{"line":9,"column":35},"end":{"line":9,"column":51}},"line":9},"3":{"name":"(anonymous_3)","decl":{"start":{"line":12,"column":22},"end":{"line":12,"column":23}},"loc":{"start":{"line":12,"column":43},"end":{"line":15,"column":2}},"line":12},"4":{"name":"(anonymous_4)","decl":{"start":{"line":22,"column":17},"end":{"line":22,"column":18}},"loc":{"start":{"line":23,"column":4},"end":{"line":34,"column":10}},"line":23},"5":{"name":"(anonymous_5)","decl":{"start":{"line":28,"column":16},"end":{"line":28,"column":17}},"loc":{"start":{"line":28,"column":22},"end":{"line":28,"column":50}},"line":28}},"branchMap":{"0":{"loc":{"start":{"line":14,"column":2},"end":{"line":14,"column":76}},"type":"binary-expr","locations":[{"start":{"line":14,"column":2},"end":{"line":14,"column":25}},{"start":{"line":14,"column":29},"end":{"line":14,"column":76}}],"line":14}},"s":{"0":3,"1":37,"2":37,"3":9,"4":9,"5":37,"6":3,"7":3,"8":37,"9":56,"10":3},"f":{"0":37,"1":9,"2":9,"3":3,"4":56,"5":3},"b":{"0":[3,3]},"_coverageSchema":"1a1c01bbd47fc00a2c39e90264f33305004495a9","hash":"c830157d897194f749791c9988015450993ca526"}
,"C:\\Users\\Madhura\\workspace_git\\prep\\app-ui-vending-machine\\src\\services\\rest-service.js": {"path":"C:\\Users\\Madhura\\workspace_git\\prep\\app-ui-vending-machine\\src\\services\\rest-service.js","statementMap":{"0":{"start":{"line":1,"column":17},"end":{"line":1,"column":40}},"1":{"start":{"line":3,"column":25},"end":{"line":12,"column":1}},"2":{"start":{"line":5,"column":1},"end":{"line":10,"column":2}},"3":{"start":{"line":6,"column":2},"end":{"line":6,"column":80}},"4":{"start":{"line":8,"column":2},"end":{"line":8,"column":19}},"5":{"start":{"line":9,"column":2},"end":{"line":9,"column":10}},"6":{"start":{"line":14,"column":30},"end":{"line":23,"column":1}},"7":{"start":{"line":16,"column":1},"end":{"line":21,"column":2}},"8":{"start":{"line":17,"column":2},"end":{"line":17,"column":102}},"9":{"start":{"line":19,"column":2},"end":{"line":19,"column":21}},"10":{"start":{"line":20,"column":2},"end":{"line":20,"column":12}},"11":{"start":{"line":25,"column":28},"end":{"line":35,"column":1}},"12":{"start":{"line":27,"column":1},"end":{"line":33,"column":2}},"13":{"start":{"line":28,"column":15},"end":{"line":28,"column":86}},"14":{"start":{"line":29,"column":2},"end":{"line":29,"column":27}},"15":{"start":{"line":31,"column":2},"end":{"line":31,"column":21}},"16":{"start":{"line":32,"column":2},"end":{"line":32,"column":12}},"17":{"start":{"line":37,"column":21},"end":{"line":49,"column":1}},"18":{"start":{"line":39,"column":14},"end":{"line":45,"column":6}},"19":{"start":{"line":47,"column":35},"end":{"line":47,"column":52}},"20":{"start":{"line":48,"column":4},"end":{"line":48,"column":34}},"21":{"start":{"line":51,"column":32},"end":{"line":63,"column":1}},"22":{"start":{"line":53,"column":1},"end":{"line":61,"column":2}},"23":{"start":{"line":54,"column":15},"end":{"line":54,"column":64}},"24":{"start":{"line":55,"column":19},"end":{"line":55,"column":36}},"25":{"start":{"line":56,"column":2},"end":{"line":56,"column":45}},"26":{"start":{"line":57,"column":2},"end":{"line":57,"column":18}},"27":{"start":{"line":59,"column":2},"end":{"line":59,"column":21}},"28":{"start":{"line":60,"column":2},"end":{"line":60,"column":12}},"29":{"start":{"line":65,"column":28},"end":{"line":75,"column":1}},"30":{"start":{"line":67,"column":1},"end":{"line":73,"column":2}},"31":{"start":{"line":68,"column":15},"end":{"line":68,"column":100}},"32":{"start":{"line":69,"column":2},"end":{"line":69,"column":27}},"33":{"start":{"line":71,"column":2},"end":{"line":71,"column":21}},"34":{"start":{"line":72,"column":2},"end":{"line":72,"column":12}}},"fnMap":{"0":{"name":"(anonymous_0)","decl":{"start":{"line":3,"column":25},"end":{"line":3,"column":26}},"loc":{"start":{"line":3,"column":42},"end":{"line":12,"column":1}},"line":3},"1":{"name":"(anonymous_1)","decl":{"start":{"line":14,"column":30},"end":{"line":14,"column":31}},"loc":{"start":{"line":14,"column":58},"end":{"line":23,"column":1}},"line":14},"2":{"name":"(anonymous_2)","decl":{"start":{"line":25,"column":28},"end":{"line":25,"column":29}},"loc":{"start":{"line":25,"column":49},"end":{"line":35,"column":1}},"line":25},"3":{"name":"(anonymous_3)","decl":{"start":{"line":37,"column":21},"end":{"line":37,"column":22}},"loc":{"start":{"line":37,"column":51},"end":{"line":49,"column":1}},"line":37},"4":{"name":"(anonymous_4)","decl":{"start":{"line":51,"column":32},"end":{"line":51,"column":33}},"loc":{"start":{"line":51,"column":44},"end":{"line":63,"column":1}},"line":51},"5":{"name":"(anonymous_5)","decl":{"start":{"line":65,"column":28},"end":{"line":65,"column":29}},"loc":{"start":{"line":65,"column":60},"end":{"line":75,"column":1}},"line":65}},"branchMap":{},"s":{"0":7,"1":7,"2":2,"3":2,"4":1,"5":1,"6":7,"7":2,"8":2,"9":1,"10":1,"11":7,"12":2,"13":2,"14":1,"15":1,"16":1,"17":7,"18":4,"19":2,"20":2,"21":7,"22":10,"23":10,"24":9,"25":9,"26":9,"27":1,"28":1,"29":7,"30":2,"31":2,"32":1,"33":1,"34":1},"f":{"0":2,"1":2,"2":2,"3":4,"4":10,"5":2},"b":{},"_coverageSchema":"1a1c01bbd47fc00a2c39e90264f33305004495a9","hash":"cbdf6bf49bea85a9d5d3098598bfd4d1e52ea85b"}
}
