{"C:\\Users\\Madhura\\workspace_git\\prep\\app-ui-vending-machine\\src\\behaviour\\useVendingMachineActions.js": {"path":"C:\\Users\\Madhura\\workspace_git\\prep\\app-ui-vending-machine\\src\\behaviour\\useVendingMachineActions.js","statementMap":{"0":{"start":{"line":5,"column":40},"end":{"line":57,"column":1}},"1":{"start":{"line":7,"column":27},"end":{"line":7,"column":60}},"2":{"start":{"line":8,"column":27},"end":{"line":11,"column":5}},"3":{"start":{"line":9,"column":32},"end":{"line":9,"column":61}},"4":{"start":{"line":10,"column":2},"end":{"line":10,"column":53}},"5":{"start":{"line":13,"column":37},"end":{"line":53,"column":2}},"6":{"start":{"line":15,"column":2},"end":{"line":52,"column":4}},"7":{"start":{"line":19,"column":4},"end":{"line":22,"column":7}},"8":{"start":{"line":23,"column":4},"end":{"line":23,"column":10}},"9":{"start":{"line":34,"column":4},"end":{"line":37,"column":7}},"10":{"start":{"line":38,"column":20},"end":{"line":41,"column":21}},"11":{"start":{"line":39,"column":5},"end":{"line":39,"column":50}},"12":{"start":{"line":40,"column":12},"end":{"line":40,"column":34}},"13":{"start":{"line":42,"column":4},"end":{"line":42,"column":10}},"14":{"start":{"line":46,"column":4},"end":{"line":49,"column":7}},"15":{"start":{"line":51,"column":4},"end":{"line":51,"column":74}},"16":{"start":{"line":51,"column":21},"end":{"line":51,"column":65}},"17":{"start":{"line":55,"column":1},"end":{"line":55,"column":82}}},"fnMap":{"0":{"name":"(anonymous_0)","decl":{"start":{"line":5,"column":40},"end":{"line":5,"column":41}},"loc":{"start":{"line":5,"column":65},"end":{"line":57,"column":1}},"line":5},"1":{"name":"(anonymous_1)","decl":{"start":{"line":8,"column":27},"end":{"line":8,"column":28}},"loc":{"start":{"line":8,"column":48},"end":{"line":11,"column":5}},"line":8},"2":{"name":"(anonymous_2)","decl":{"start":{"line":13,"column":37},"end":{"line":13,"column":38}},"loc":{"start":{"line":13,"column":65},"end":{"line":53,"column":2}},"line":13},"3":{"name":"(anonymous_3)","decl":{"start":{"line":38,"column":31},"end":{"line":38,"column":32}},"loc":{"start":{"line":38,"column":37},"end":{"line":41,"column":13}},"line":38},"4":{"name":"(anonymous_4)","decl":{"start":{"line":51,"column":15},"end":{"line":51,"column":16}},"loc":{"start":{"line":51,"column":21},"end":{"line":51,"column":65}},"line":51}},"branchMap":{"0":{"loc":{"start":{"line":15,"column":2},"end":{"line":52,"column":4}},"type":"switch","locations":[{"start":{"line":16,"column":3},"end":{"line":16,"column":22}},{"start":{"line":17,"column":3},"end":{"line":23,"column":10}},{"start":{"line":25,"column":3},"end":{"line":25,"column":27}},{"start":{"line":26,"column":3},"end":{"line":26,"column":29}},{"start":{"line":27,"column":3},"end":{"line":27,"column":29}},{"start":{"line":28,"column":3},"end":{"line":28,"column":31}},{"start":{"line":29,"column":3},"end":{"line":29,"column":44}},{"start":{"line":30,"column":3},"end":{"line":30,"column":43}},{"start":{"line":31,"column":3},"end":{"line":31,"column":32}},{"start":{"line":32,"column":3},"end":{"line":32,"column":43}},{"start":{"line":33,"column":3},"end":{"line":42,"column":10}},{"start":{"line":44,"column":3},"end":{"line":51,"column":74}}],"line":15},"1":{"loc":{"start":{"line":39,"column":5},"end":{"line":39,"column":49}},"type":"binary-expr","locations":[{"start":{"line":39,"column":5},"end":{"line":39,"column":24}},{"start":{"line":39,"column":28},"end":{"line":39,"column":49}}],"line":39},"2":{"loc":{"start":{"line":51,"column":21},"end":{"line":51,"column":65}},"type":"binary-expr","locations":[{"start":{"line":51,"column":21},"end":{"line":51,"column":40}},{"start":{"line":51,"column":44},"end":{"line":51,"column":65}}],"line":51}},"s":{"0":3,"1":24,"2":24,"3":1,"4":1,"5":24,"6":11,"7":6,"8":6,"9":5,"10":5,"11":5,"12":5,"13":5,"14":0,"15":0,"16":0,"17":24},"f":{"0":24,"1":1,"2":11,"3":5,"4":0},"b":{"0":[5,6,2,3,4,5,5,5,5,5,5,0],"1":[5,4],"2":[0,0]},"_coverageSchema":"1a1c01bbd47fc00a2c39e90264f33305004495a9","hash":"7b0683ac483470ed03da3eef82cec053fb23389b"}
,"C:\\Users\\Madhura\\workspace_git\\prep\\app-ui-vending-machine\\src\\context\\reducer.js": {"path":"C:\\Users\\Madhura\\workspace_git\\prep\\app-ui-vending-machine\\src\\context\\reducer.js","statementMap":{"0":{"start":{"line":1,"column":28},"end":{"line":7,"column":1}},"1":{"start":{"line":9,"column":23},"end":{"line":108,"column":1}},"2":{"start":{"line":10,"column":4},"end":{"line":12,"column":5}},"3":{"start":{"line":11,"column":8},"end":{"line":11,"column":21}},"4":{"start":{"line":14,"column":4},"end":{"line":107,"column":5}},"5":{"start":{"line":16,"column":39},"end":{"line":16,"column":53}},"6":{"start":{"line":17,"column":12},"end":{"line":20,"column":13}},"7":{"start":{"line":24,"column":30},"end":{"line":24,"column":44}},"8":{"start":{"line":25,"column":12},"end":{"line":28,"column":13}},"9":{"start":{"line":32,"column":30},"end":{"line":32,"column":44}},"10":{"start":{"line":33,"column":12},"end":{"line":37,"column":13}},"11":{"start":{"line":41,"column":49},"end":{"line":41,"column":63}},"12":{"start":{"line":42,"column":12},"end":{"line":46,"column":13}},"13":{"start":{"line":50,"column":30},"end":{"line":50,"column":44}},"14":{"start":{"line":51,"column":12},"end":{"line":54,"column":13}},"15":{"start":{"line":58,"column":12},"end":{"line":61,"column":13}},"16":{"start":{"line":65,"column":12},"end":{"line":68,"column":13}},"17":{"start":{"line":72,"column":30},"end":{"line":72,"column":44}},"18":{"start":{"line":73,"column":12},"end":{"line":76,"column":13}},"19":{"start":{"line":80,"column":12},"end":{"line":83,"column":13}},"20":{"start":{"line":87,"column":30},"end":{"line":87,"column":44}},"21":{"start":{"line":88,"column":12},"end":{"line":91,"column":13}},"22":{"start":{"line":95,"column":30},"end":{"line":95,"column":44}},"23":{"start":{"line":97,"column":12},"end":{"line":101,"column":13}},"24":{"start":{"line":105,"column":12},"end":{"line":105,"column":25}}},"fnMap":{"0":{"name":"(anonymous_0)","decl":{"start":{"line":9,"column":23},"end":{"line":9,"column":24}},"loc":{"start":{"line":9,"column":42},"end":{"line":108,"column":1}},"line":9}},"branchMap":{"0":{"loc":{"start":{"line":10,"column":4},"end":{"line":12,"column":5}},"type":"if","locations":[{"start":{"line":10,"column":4},"end":{"line":12,"column":5}},{"start":{"line":10,"column":4},"end":{"line":12,"column":5}}],"line":10},"1":{"loc":{"start":{"line":10,"column":8},"end":{"line":10,"column":34}},"type":"binary-expr","locations":[{"start":{"line":10,"column":8},"end":{"line":10,"column":15}},{"start":{"line":10,"column":19},"end":{"line":10,"column":34}}],"line":10},"2":{"loc":{"start":{"line":14,"column":4},"end":{"line":107,"column":5}},"type":"switch","locations":[{"start":{"line":15,"column":8},"end":{"line":21,"column":9}},{"start":{"line":23,"column":8},"end":{"line":29,"column":9}},{"start":{"line":31,"column":8},"end":{"line":38,"column":9}},{"start":{"line":40,"column":8},"end":{"line":47,"column":9}},{"start":{"line":49,"column":8},"end":{"line":55,"column":9}},{"start":{"line":57,"column":8},"end":{"line":62,"column":9}},{"start":{"line":64,"column":8},"end":{"line":69,"column":9}},{"start":{"line":71,"column":8},"end":{"line":77,"column":9}},{"start":{"line":79,"column":8},"end":{"line":84,"column":9}},{"start":{"line":86,"column":8},"end":{"line":92,"column":9}},{"start":{"line":94,"column":8},"end":{"line":102,"column":9}},{"start":{"line":104,"column":8},"end":{"line":106,"column":9}}],"line":14},"3":{"loc":{"start":{"line":98,"column":46},"end":{"line":98,"column":58}},"type":"binary-expr","locations":[{"start":{"line":98,"column":46},"end":{"line":98,"column":53}},{"start":{"line":98,"column":57},"end":{"line":98,"column":58}}],"line":98}},"s":{"0":3,"1":3,"2":11,"3":0,"4":11,"5":6,"6":6,"7":2,"8":2,"9":1,"10":1,"11":1,"12":1,"13":1,"14":1,"15":0,"16":0,"17":0,"18":0,"19":0,"20":0,"21":0,"22":0,"23":0,"24":0},"f":{"0":11},"b":{"0":[0,11],"1":[11,11],"2":[6,2,1,1,1,0,0,0,0,0,0,0],"3":[0,0]},"_coverageSchema":"1a1c01bbd47fc00a2c39e90264f33305004495a9","hash":"b94a39f3ce2f7cc5476cd3b7f8ebaa35f2acd300"}
,"C:\\Users\\Madhura\\workspace_git\\prep\\app-ui-vending-machine\\src\\services\\rest-service.js": {"path":"C:\\Users\\Madhura\\workspace_git\\prep\\app-ui-vending-machine\\src\\services\\rest-service.js","statementMap":{"0":{"start":{"line":3,"column":17},"end":{"line":3,"column":40}},"1":{"start":{"line":5,"column":25},"end":{"line":14,"column":1}},"2":{"start":{"line":7,"column":1},"end":{"line":12,"column":2}},"3":{"start":{"line":8,"column":2},"end":{"line":8,"column":82}},"4":{"start":{"line":10,"column":2},"end":{"line":10,"column":19}},"5":{"start":{"line":11,"column":2},"end":{"line":11,"column":10}},"6":{"start":{"line":16,"column":30},"end":{"line":24,"column":1}},"7":{"start":{"line":18,"column":1},"end":{"line":23,"column":2}},"8":{"start":{"line":19,"column":2},"end":{"line":19,"column":92}},"9":{"start":{"line":21,"column":2},"end":{"line":21,"column":21}},"10":{"start":{"line":22,"column":2},"end":{"line":22,"column":12}},"11":{"start":{"line":26,"column":28},"end":{"line":43,"column":1}},"12":{"start":{"line":29,"column":1},"end":{"line":34,"column":2}},"13":{"start":{"line":30,"column":2},"end":{"line":30,"column":78}},"14":{"start":{"line":32,"column":2},"end":{"line":32,"column":21}},"15":{"start":{"line":33,"column":2},"end":{"line":33,"column":12}},"16":{"start":{"line":36,"column":22},"end":{"line":36,"column":39}},"17":{"start":{"line":38,"column":1},"end":{"line":40,"column":2}},"18":{"start":{"line":39,"column":2},"end":{"line":39,"column":54}},"19":{"start":{"line":41,"column":1},"end":{"line":41,"column":78}},"20":{"start":{"line":45,"column":21},"end":{"line":56,"column":1}},"21":{"start":{"line":47,"column":14},"end":{"line":53,"column":6}},"22":{"start":{"line":55,"column":4},"end":{"line":55,"column":29}},"23":{"start":{"line":58,"column":32},"end":{"line":70,"column":1}},"24":{"start":{"line":60,"column":1},"end":{"line":68,"column":2}},"25":{"start":{"line":61,"column":15},"end":{"line":61,"column":64}},"26":{"start":{"line":62,"column":19},"end":{"line":62,"column":36}},"27":{"start":{"line":63,"column":2},"end":{"line":63,"column":45}},"28":{"start":{"line":64,"column":2},"end":{"line":64,"column":18}},"29":{"start":{"line":66,"column":2},"end":{"line":66,"column":21}},"30":{"start":{"line":67,"column":2},"end":{"line":67,"column":12}},"31":{"start":{"line":72,"column":28},"end":{"line":102,"column":1}},"32":{"start":{"line":74,"column":1},"end":{"line":100,"column":2}},"33":{"start":{"line":75,"column":15},"end":{"line":75,"column":97}},"34":{"start":{"line":76,"column":33},"end":{"line":76,"column":50}},"35":{"start":{"line":78,"column":2},"end":{"line":94,"column":3}},"36":{"start":{"line":79,"column":3},"end":{"line":93,"column":4}},"37":{"start":{"line":80,"column":21},"end":{"line":80,"column":48}},"38":{"start":{"line":81,"column":4},"end":{"line":83,"column":5}},"39":{"start":{"line":82,"column":5},"end":{"line":82,"column":70}},"40":{"start":{"line":84,"column":4},"end":{"line":84,"column":56}},"41":{"start":{"line":87,"column":19},"end":{"line":87,"column":46}},"42":{"start":{"line":88,"column":4},"end":{"line":92,"column":5}},"43":{"start":{"line":89,"column":5},"end":{"line":89,"column":68}},"44":{"start":{"line":91,"column":5},"end":{"line":91,"column":57}},"45":{"start":{"line":96,"column":2},"end":{"line":96,"column":131}},"46":{"start":{"line":98,"column":2},"end":{"line":98,"column":21}},"47":{"start":{"line":99,"column":2},"end":{"line":99,"column":12}}},"fnMap":{"0":{"name":"(anonymous_0)","decl":{"start":{"line":5,"column":25},"end":{"line":5,"column":26}},"loc":{"start":{"line":5,"column":42},"end":{"line":14,"column":1}},"line":5},"1":{"name":"(anonymous_1)","decl":{"start":{"line":16,"column":30},"end":{"line":16,"column":31}},"loc":{"start":{"line":16,"column":56},"end":{"line":24,"column":1}},"line":16},"2":{"name":"(anonymous_2)","decl":{"start":{"line":26,"column":28},"end":{"line":26,"column":29}},"loc":{"start":{"line":26,"column":47},"end":{"line":43,"column":1}},"line":26},"3":{"name":"(anonymous_3)","decl":{"start":{"line":45,"column":21},"end":{"line":45,"column":22}},"loc":{"start":{"line":45,"column":51},"end":{"line":56,"column":1}},"line":45},"4":{"name":"(anonymous_4)","decl":{"start":{"line":58,"column":32},"end":{"line":58,"column":33}},"loc":{"start":{"line":58,"column":44},"end":{"line":70,"column":1}},"line":58},"5":{"name":"(anonymous_5)","decl":{"start":{"line":72,"column":28},"end":{"line":72,"column":29}},"loc":{"start":{"line":72,"column":58},"end":{"line":102,"column":1}},"line":72}},"branchMap":{"0":{"loc":{"start":{"line":38,"column":1},"end":{"line":40,"column":2}},"type":"if","locations":[{"start":{"line":38,"column":1},"end":{"line":40,"column":2}},{"start":{"line":38,"column":1},"end":{"line":40,"column":2}}],"line":38},"1":{"loc":{"start":{"line":78,"column":2},"end":{"line":94,"column":3}},"type":"if","locations":[{"start":{"line":78,"column":2},"end":{"line":94,"column":3}},{"start":{"line":78,"column":2},"end":{"line":94,"column":3}}],"line":78},"2":{"loc":{"start":{"line":79,"column":3},"end":{"line":93,"column":4}},"type":"if","locations":[{"start":{"line":79,"column":3},"end":{"line":93,"column":4}},{"start":{"line":79,"column":3},"end":{"line":93,"column":4}}],"line":79},"3":{"loc":{"start":{"line":81,"column":4},"end":{"line":83,"column":5}},"type":"if","locations":[{"start":{"line":81,"column":4},"end":{"line":83,"column":5}},{"start":{"line":81,"column":4},"end":{"line":83,"column":5}}],"line":81},"4":{"loc":{"start":{"line":88,"column":4},"end":{"line":92,"column":5}},"type":"if","locations":[{"start":{"line":88,"column":4},"end":{"line":92,"column":5}},{"start":{"line":88,"column":4},"end":{"line":92,"column":5}}],"line":88}},"s":{"0":3,"1":3,"2":0,"3":0,"4":0,"5":0,"6":3,"7":0,"8":0,"9":0,"10":0,"11":3,"12":0,"13":0,"14":0,"15":0,"16":0,"17":0,"18":0,"19":0,"20":3,"21":0,"22":0,"23":3,"24":5,"25":5,"26":5,"27":5,"28":5,"29":0,"30":0,"31":3,"32":0,"33":0,"34":0,"35":0,"36":0,"37":0,"38":0,"39":0,"40":0,"41":0,"42":0,"43":0,"44":0,"45":0,"46":0,"47":0},"f":{"0":0,"1":0,"2":0,"3":0,"4":5,"5":0},"b":{"0":[0,0],"1":[0,0],"2":[0,0],"3":[0,0],"4":[0,0]},"_coverageSchema":"1a1c01bbd47fc00a2c39e90264f33305004495a9","hash":"7f9bc5495d755222baee417edf486dd1ad52179e"}
}
