TN:
SF:src\VendingMachine.js
FN:4,(anonymous_0)
FN:8,(anonymous_1)
FNF:2
FNH:1
FNDA:2,(anonymous_0)
FNDA:0,(anonymous_1)
DA:4,1
DA:6,2
DA:7,1
DA:8,0
LF:4
LH:3
BRF:0
BRH:0
end_of_record
TN:
SF:src\index.js
FNF:0
FNH:0
DA:7,0
DA:17,0
LF:2
LH:0
BRF:0
BRH:0
end_of_record
TN:
SF:src\reportWebVitals.js
FN:1,(anonymous_0)
FN:3,(anonymous_1)
FNF:2
FNH:0
FNDA:0,(anonymous_0)
FNDA:0,(anonymous_1)
DA:1,0
DA:2,0
DA:3,0
DA:4,0
DA:5,0
DA:6,0
DA:7,0
DA:8,0
LF:8
LH:0
BRDA:2,0,0,0
BRDA:2,0,1,0
BRDA:2,1,0,0
BRDA:2,1,1,0
BRF:4
BRH:0
end_of_record
TN:
SF:src\behaviour\useCurrencyActions.js
FN:3,(anonymous_0)
FN:5,(anonymous_1)
FNF:2
FNH:2
FNDA:107,(anonymous_0)
FNDA:8,(anonymous_1)
DA:3,4
DA:5,107
DA:9,8
DA:10,8
DA:11,2
DA:13,6
DA:16,0
DA:20,8
DA:23,107
LF:9
LH:8
BRDA:10,0,0,2
BRDA:10,0,1,6
BRF:2
BRH:2
end_of_record
TN:
SF:src\behaviour\useVendingMachineActions.js
FN:4,(anonymous_0)
FN:12,(anonymous_1)
FN:17,(anonymous_2)
FN:31,(anonymous_3)
FN:42,(anonymous_4)
FN:49,(anonymous_5)
FN:55,(anonymous_6)
FNF:7
FNH:7
FNDA:44,(anonymous_0)
FNDA:2,(anonymous_1)
FNDA:16,(anonymous_2)
FNDA:3,(anonymous_3)
FNDA:2,(anonymous_4)
FNDA:2,(anonymous_5)
FNDA:2,(anonymous_6)
DA:4,3
DA:6,44
DA:7,44
DA:8,44
DA:9,44
DA:10,44
DA:12,44
DA:13,2
DA:14,2
DA:17,44
DA:19,16
DA:23,7
DA:24,7
DA:25,7
DA:28,3
DA:29,3
DA:30,3
DA:31,3
DA:32,3
DA:33,3
DA:35,3
DA:38,2
DA:39,2
DA:40,2
DA:41,2
DA:42,2
DA:43,2
DA:46,2
DA:47,2
DA:48,2
DA:49,2
DA:50,2
DA:53,2
DA:54,2
DA:55,2
DA:60,44
LF:36
LH:36
BRDA:19,0,0,5
BRDA:19,0,1,7
BRDA:19,0,2,3
BRDA:19,0,3,2
BRDA:19,0,4,2
BRDA:19,0,5,2
BRDA:32,1,0,3
BRDA:32,1,1,2
BRDA:42,2,0,2
BRDA:42,2,1,2
BRDA:49,3,0,2
BRDA:49,3,1,2
BRDA:55,4,0,2
BRDA:55,4,1,2
BRF:14
BRH:14
end_of_record
TN:
SF:src\components\currency\Currency.js
FN:4,(anonymous_0)
FN:8,(anonymous_1)
FNF:2
FNH:2
FNDA:107,(anonymous_0)
FNDA:6,(anonymous_1)
DA:4,3
DA:6,107
DA:8,105
DA:10,6
DA:11,6
DA:13,6
DA:14,6
DA:17,0
DA:18,0
DA:23,105
LF:10
LH:8
BRDA:13,0,0,6
BRDA:13,0,1,0
BRDA:14,1,0,6
BRDA:14,1,1,6
BRF:4
BRH:3
end_of_record
TN:
SF:src\components\machine-setup\VendingMachineSetup.js
FN:6,(anonymous_0)
FN:32,(anonymous_1)
FN:42,(anonymous_2)
FNF:3
FNH:3
FNDA:28,(anonymous_0)
FNDA:104,(anonymous_1)
FNDA:1,(anonymous_2)
DA:6,2
DA:14,28
DA:16,26
DA:18,26
DA:33,104
DA:42,1
LF:6
LH:6
BRDA:55,0,0,1
BRDA:55,0,1,25
BRDA:55,1,0,26
BRDA:55,1,1,1
BRDA:59,2,0,5
BRDA:59,2,1,21
BRF:6
BRH:6
end_of_record
TN:
SF:src\components\product\ProductDescription.js
FN:5,(anonymous_0)
FN:8,(anonymous_1)
FN:9,(anonymous_2)
FN:12,(anonymous_3)
FN:22,(anonymous_4)
FN:28,(anonymous_5)
FNF:6
FNH:6
FNDA:37,(anonymous_0)
FNDA:9,(anonymous_1)
FNDA:9,(anonymous_2)
FNDA:3,(anonymous_3)
FNDA:56,(anonymous_4)
FNDA:3,(anonymous_5)
DA:5,3
DA:7,37
DA:8,37
DA:9,9
DA:12,37
DA:13,3
DA:14,3
DA:17,37
DA:23,56
DA:28,3
LF:10
LH:10
BRDA:14,0,0,3
BRDA:14,0,1,3
BRF:2
BRH:2
end_of_record
TN:
SF:src\services\rest-service.js
FN:3,(anonymous_0)
FN:14,(anonymous_1)
FN:25,(anonymous_2)
FN:37,(anonymous_3)
FN:51,(anonymous_4)
FN:65,(anonymous_5)
FNF:6
FNH:6
FNDA:2,(anonymous_0)
FNDA:2,(anonymous_1)
FNDA:2,(anonymous_2)
FNDA:4,(anonymous_3)
FNDA:10,(anonymous_4)
FNDA:2,(anonymous_5)
DA:1,7
DA:3,7
DA:5,2
DA:6,2
DA:8,1
DA:9,1
DA:14,7
DA:16,2
DA:17,2
DA:19,1
DA:20,1
DA:25,7
DA:27,2
DA:28,2
DA:29,1
DA:31,1
DA:32,1
DA:37,7
DA:39,4
DA:47,2
DA:48,2
DA:51,7
DA:53,10
DA:54,10
DA:55,9
DA:56,9
DA:57,9
DA:59,1
DA:60,1
DA:65,7
DA:67,2
DA:68,2
DA:69,1
DA:71,1
DA:72,1
LF:35
LH:35
BRF:0
BRH:0
end_of_record
