TN:
SF:src\behaviour\useVendingMachineActions.js
FN:5,(anonymous_0)
FN:8,(anonymous_1)
FN:13,(anonymous_2)
FN:38,(anonymous_3)
FN:51,(anonymous_4)
FNF:5
FNH:5
FNDA:41,(anonymous_0)
FNDA:2,(anonymous_1)
FNDA:21,(anonymous_2)
FNDA:14,(anonymous_3)
FNDA:1,(anonymous_4)
DA:5,3
DA:7,41
DA:8,41
DA:9,2
DA:10,2
DA:13,41
DA:15,21
DA:19,6
DA:23,6
DA:34,14
DA:38,14
DA:39,14
DA:40,14
DA:42,14
DA:46,1
DA:51,1
DA:55,41
LF:17
LH:17
BRDA:15,0,0,5
BRDA:15,0,1,6
BRDA:15,0,2,4
BRDA:15,0,3,5
BRDA:15,0,4,7
BRDA:15,0,5,9
BRDA:15,0,6,10
BRDA:15,0,7,11
BRDA:15,0,8,12
BRDA:15,0,9,13
BRDA:15,0,10,14
BRDA:15,0,11,1
BRDA:39,1,0,14
BRDA:39,1,1,13
BRDA:51,2,0,1
BRDA:51,2,1,1
BRF:16
BRH:16
end_of_record
TN:
SF:src\context\reducer.js
FN:9,(anonymous_0)
FNF:1
FNH:1
FNDA:21,(anonymous_0)
DA:1,3
DA:9,3
DA:10,21
DA:11,0
DA:14,21
DA:16,6
DA:18,6
DA:25,4
DA:26,4
DA:33,1
DA:34,1
DA:42,2
DA:43,2
DA:51,2
DA:52,2
DA:59,1
DA:66,1
DA:73,1
DA:75,1
DA:82,1
DA:89,1
DA:90,1
DA:97,1
DA:99,1
DA:107,0
LF:25
LH:23
BRDA:10,0,0,0
BRDA:10,0,1,21
BRDA:10,1,0,21
BRDA:10,1,1,21
BRDA:14,2,0,6
BRDA:14,2,1,4
BRDA:14,2,2,1
BRDA:14,2,3,2
BRDA:14,2,4,2
BRDA:14,2,5,1
BRDA:14,2,6,1
BRDA:14,2,7,1
BRDA:14,2,8,1
BRDA:14,2,9,1
BRDA:14,2,10,1
BRDA:14,2,11,0
BRDA:100,3,0,1
BRDA:100,3,1,0
BRF:18
BRH:15
end_of_record
TN:
SF:src\services\rest-service.js
FN:5,(anonymous_0)
FN:16,(anonymous_1)
FN:26,(anonymous_2)
FN:45,(anonymous_3)
FN:58,(anonymous_4)
FN:71,(anonymous_5)
FNF:6
FNH:1
FNDA:0,(anonymous_0)
FNDA:0,(anonymous_1)
FNDA:0,(anonymous_2)
FNDA:0,(anonymous_3)
FNDA:5,(anonymous_4)
FNDA:0,(anonymous_5)
DA:3,3
DA:5,3
DA:7,0
DA:8,0
DA:10,0
DA:11,0
DA:16,3
DA:18,0
DA:19,0
DA:21,0
DA:22,0
DA:26,3
DA:29,0
DA:30,0
DA:32,0
DA:33,0
DA:36,0
DA:38,0
DA:39,0
DA:41,0
DA:45,3
DA:47,0
DA:55,0
DA:58,3
DA:60,5
DA:61,5
DA:62,5
DA:63,5
DA:65,0
DA:66,0
DA:71,3
DA:73,0
DA:74,0
DA:75,0
DA:77,0
DA:78,0
DA:79,0
DA:80,0
DA:81,0
DA:83,0
DA:86,0
DA:87,0
DA:88,0
DA:90,0
DA:95,0
DA:97,0
DA:98,0
LF:47
LH:11
BRDA:38,0,0,0
BRDA:38,0,1,0
BRDA:77,1,0,0
BRDA:77,1,1,0
BRDA:78,2,0,0
BRDA:78,2,1,0
BRDA:80,3,0,0
BRDA:80,3,1,0
BRDA:87,4,0,0
BRDA:87,4,1,0
BRF:10
BRH:0
end_of_record
